merde
merde
merde
merde
merde
merde
merde
merde
merde
merde
merde
Error: eh merde
    at Object._onTimeout (/home/tknew/WiredCraft/api.devo.ps/manager/experimental/examples/echo.js:8:11)
    at Timer.list.ontimeout (timers.js:101:19)merde
merde
merde
merde
merde
merde
merde
merde
merde
merde
merde
merde
merde
merde
Error: eh merde
    at Object._onTimeout (/home/tknew/WiredCraft/api.devo.ps/manager/experimental/examples/echo.js:8:11)
    at Timer.list.ontimeout (timers.js:101:19)merde
Error: eh merde
    at Object._onTimeout (/home/tknew/WiredCraft/api.devo.ps/manager/experimental/examples/echo.js:8:11)
    at Timer.list.ontimeout (timers.js:101:19)merde
merde
merde
merde
merde
merde
merde
merde
merde
merde
Error: eh merde
    at Object._onTimeout (/home/tknew/WiredCraft/api.devo.ps/manager/experimental/examples/echo.js:8:11)
    at Timer.list.ontimeout (timers.js:101:19)merde
merde
merde
merde
merde
merde
Error: eh merde
    at Object._onTimeout (/home/tknew/WiredCraft/api.devo.ps/manager/experimental/examples/echo.js:8:11)
    at Timer.list.ontimeout (timers.js:101:19)